2021-04-02 11:38:44,656 [Worker-0: Loading available Gradle versions] INFO  o.e.b.c.i.u.g.PublishedGradleVersions - Gradle version information cache is out-of-date. Trying to update.
2021-04-02 11:40:27,366 [Worker-18: Creating project "RewardPointsCalculator"] INFO  o.e.m.c.i.l.LifecycleMappingFactory - Using org.eclipse.m2e.jdt.JarLifecycleMapping lifecycle mapping for MavenProject: RewardPointsCalculator:RewardPointsCalculator:0.0.1-SNAPSHOT @ S:\Interview\Fooda\RewardPointsCalculator\pom.xml.
2021-04-02 11:40:39,894 [Worker-18: Creating project "RewardPointsCalculator"] INFO  o.e.m.j.i.AbstractJavaProjectConfigurator - Adding source folder /RewardPointsCalculator/src/main/java
2021-04-02 11:40:39,910 [Worker-18: Creating project "RewardPointsCalculator"] INFO  o.e.m.j.i.AbstractJavaProjectConfigurator - Adding resource folder /RewardPointsCalculator/src/main/resources
2021-04-02 11:40:39,945 [Worker-18: Creating project "RewardPointsCalculator"] INFO  o.e.m.j.i.AbstractJavaProjectConfigurator - Adding source folder /RewardPointsCalculator/src/test/java
2021-04-02 11:40:39,946 [Worker-18: Creating project "RewardPointsCalculator"] INFO  o.e.m.j.i.AbstractJavaProjectConfigurator - Adding resource folder /RewardPointsCalculator/src/test/resources
2021-04-02 11:40:45,702 [Worker-19: Building] WARN  o.e.m.c.i.embedder.EclipseLogger - Using platform encoding (Cp1252 actually) to copy filtered resources, i.e. build is platform dependent!
2021-04-02 11:40:45,774 [Worker-19: Building] INFO  o.e.m.c.i.embedder.EclipseLogger - Copying 0 resource
2021-04-02 11:40:45,780 [Worker-19: Building] WARN  o.e.m.c.i.embedder.EclipseLogger - Using platform encoding (Cp1252 actually) to copy filtered resources, i.e. build is platform dependent!
2021-04-02 11:40:45,799 [Worker-19: Building] INFO  o.e.m.c.i.embedder.EclipseLogger - Copying 0 resource
2021-04-02 11:42:54,405 [Worker-4: Building] WARN  o.e.m.c.i.embedder.EclipseLogger - Using platform encoding (Cp1252 actually) to copy filtered resources, i.e. build is platform dependent!
2021-04-02 11:42:54,478 [Worker-4: Building] INFO  o.e.m.c.i.embedder.EclipseLogger - Copying 0 resource
2021-04-02 11:42:54,480 [Worker-4: Building] WARN  o.e.m.c.i.embedder.EclipseLogger - Using platform encoding (Cp1252 actually) to copy filtered resources, i.e. build is platform dependent!
2021-04-02 11:42:54,493 [Worker-4: Building] INFO  o.e.m.c.i.embedder.EclipseLogger - Copying 0 resource
2021-04-02 11:42:56,568 [Worker-4: Building] WARN  o.e.m.c.i.embedder.EclipseLogger - Using platform encoding (Cp1252 actually) to copy filtered resources, i.e. build is platform dependent!
2021-04-02 11:42:56,585 [Worker-4: Building] INFO  o.e.m.c.i.embedder.EclipseLogger - Copying 0 resource
2021-04-02 11:42:56,590 [Worker-4: Building] WARN  o.e.m.c.i.embedder.EclipseLogger - Using platform encoding (Cp1252 actually) to copy filtered resources, i.e. build is platform dependent!
2021-04-02 11:42:56,603 [Worker-4: Building] INFO  o.e.m.c.i.embedder.EclipseLogger - Copying 0 resource
2021-04-02 11:42:57,669 [Worker-21: Building] WARN  o.e.m.c.i.embedder.EclipseLogger - Using platform encoding (Cp1252 actually) to copy filtered resources, i.e. build is platform dependent!
2021-04-02 11:42:57,676 [Worker-21: Building] INFO  o.e.m.c.i.embedder.EclipseLogger - Copying 0 resource
2021-04-02 11:42:57,677 [Worker-21: Building] WARN  o.e.m.c.i.embedder.EclipseLogger - Using platform encoding (Cp1252 actually) to copy filtered resources, i.e. build is platform dependent!
2021-04-02 11:42:57,684 [Worker-21: Building] INFO  o.e.m.c.i.embedder.EclipseLogger - Copying 0 resource
2021-04-02 11:45:11,682 [Worker-12: Building] WARN  o.e.m.c.i.embedder.EclipseLogger - Using platform encoding (Cp1252 actually) to copy filtered resources, i.e. build is platform dependent!
2021-04-02 11:45:11,726 [Worker-12: Building] INFO  o.e.m.c.i.embedder.EclipseLogger - Copying 1 resource
2021-04-02 11:45:11,752 [Worker-12: Building] WARN  o.e.m.c.i.embedder.EclipseLogger - Using platform encoding (Cp1252 actually) to copy filtered resources, i.e. build is platform dependent!
2021-04-02 11:45:11,759 [Worker-12: Building] INFO  o.e.m.c.i.embedder.EclipseLogger - Copying 0 resource
2021-04-02 11:47:13,567 [Worker-21: Building] WARN  o.e.m.c.i.embedder.EclipseLogger - Using platform encoding (Cp1252 actually) to copy filtered resources, i.e. build is platform dependent!
2021-04-02 11:47:13,601 [Worker-21: Building] INFO  o.e.m.c.i.embedder.EclipseLogger - Copying 1 resource
2021-04-02 11:47:13,604 [Worker-21: Building] WARN  o.e.m.c.i.embedder.EclipseLogger - Using platform encoding (Cp1252 actually) to copy filtered resources, i.e. build is platform dependent!
2021-04-02 11:47:13,613 [Worker-21: Building] INFO  o.e.m.c.i.embedder.EclipseLogger - Copying 0 resource
2021-04-02 11:48:34,569 [Worker-21: Building] WARN  o.e.m.c.i.embedder.EclipseLogger - Using platform encoding (Cp1252 actually) to copy filtered resources, i.e. build is platform dependent!
2021-04-02 11:48:34,592 [Worker-21: Building] INFO  o.e.m.c.i.embedder.EclipseLogger - Copying 1 resource
2021-04-02 11:48:34,595 [Worker-21: Building] WARN  o.e.m.c.i.embedder.EclipseLogger - Using platform encoding (Cp1252 actually) to copy filtered resources, i.e. build is platform dependent!
2021-04-02 11:48:34,615 [Worker-21: Building] INFO  o.e.m.c.i.embedder.EclipseLogger - Copying 0 resource
2021-04-02 11:48:35,686 [Worker-12: Building] WARN  o.e.m.c.i.embedder.EclipseLogger - Using platform encoding (Cp1252 actually) to copy filtered resources, i.e. build is platform dependent!
2021-04-02 11:48:35,694 [Worker-12: Building] INFO  o.e.m.c.i.embedder.EclipseLogger - Copying 0 resource
2021-04-02 11:48:35,696 [Worker-12: Building] WARN  o.e.m.c.i.embedder.EclipseLogger - Using platform encoding (Cp1252 actually) to copy filtered resources, i.e. build is platform dependent!
2021-04-02 11:48:35,707 [Worker-12: Building] INFO  o.e.m.c.i.embedder.EclipseLogger - Copying 0 resource
2021-04-02 11:49:02,582 [Worker-25: Building] WARN  o.e.m.c.i.embedder.EclipseLogger - Using platform encoding (Cp1252 actually) to copy filtered resources, i.e. build is platform dependent!
2021-04-02 11:49:02,596 [Worker-25: Building] INFO  o.e.m.c.i.embedder.EclipseLogger - Copying 1 resource
2021-04-02 11:49:02,602 [Worker-25: Building] WARN  o.e.m.c.i.embedder.EclipseLogger - Using platform encoding (Cp1252 actually) to copy filtered resources, i.e. build is platform dependent!
2021-04-02 11:49:02,615 [Worker-25: Building] INFO  o.e.m.c.i.embedder.EclipseLogger - Copying 0 resource
2021-04-02 11:52:02,761 [Worker-23: Building] WARN  o.e.m.c.i.embedder.EclipseLogger - Using platform encoding (Cp1252 actually) to copy filtered resources, i.e. build is platform dependent!
2021-04-02 11:52:02,771 [Worker-23: Building] INFO  o.e.m.c.i.embedder.EclipseLogger - Copying 1 resource
2021-04-02 11:52:02,776 [Worker-23: Building] WARN  o.e.m.c.i.embedder.EclipseLogger - Using platform encoding (Cp1252 actually) to copy filtered resources, i.e. build is platform dependent!
2021-04-02 11:52:02,786 [Worker-23: Building] INFO  o.e.m.c.i.embedder.EclipseLogger - Copying 0 resource
2021-04-02 11:54:47,065 [Worker-24: Building] WARN  o.e.m.c.i.embedder.EclipseLogger - Using platform encoding (Cp1252 actually) to copy filtered resources, i.e. build is platform dependent!
2021-04-02 11:54:47,085 [Worker-24: Building] INFO  o.e.m.c.i.embedder.EclipseLogger - Copying 1 resource
2021-04-02 11:54:47,091 [Worker-24: Building] WARN  o.e.m.c.i.embedder.EclipseLogger - Using platform encoding (Cp1252 actually) to copy filtered resources, i.e. build is platform dependent!
2021-04-02 11:54:47,109 [Worker-24: Building] INFO  o.e.m.c.i.embedder.EclipseLogger - Copying 0 resource
2021-04-02 12:01:36,115 [Worker-24: Launching Readjsonfile] WARN  o.e.m.c.i.embedder.EclipseLogger - Using platform encoding (Cp1252 actually) to copy filtered resources, i.e. build is platform dependent!
2021-04-02 12:01:36,128 [Worker-24: Launching Readjsonfile] INFO  o.e.m.c.i.embedder.EclipseLogger - Copying 1 resource
2021-04-02 12:01:36,130 [Worker-24: Launching Readjsonfile] WARN  o.e.m.c.i.embedder.EclipseLogger - Using platform encoding (Cp1252 actually) to copy filtered resources, i.e. build is platform dependent!
2021-04-02 12:01:36,140 [Worker-24: Launching Readjsonfile] INFO  o.e.m.c.i.embedder.EclipseLogger - Copying 0 resource
2021-04-02 12:02:02,495 [Worker-30: Launching Readjsonfile] WARN  o.e.m.c.i.embedder.EclipseLogger - Using platform encoding (Cp1252 actually) to copy filtered resources, i.e. build is platform dependent!
2021-04-02 12:02:02,512 [Worker-30: Launching Readjsonfile] INFO  o.e.m.c.i.embedder.EclipseLogger - Copying 1 resource
2021-04-02 12:02:02,514 [Worker-30: Launching Readjsonfile] WARN  o.e.m.c.i.embedder.EclipseLogger - Using platform encoding (Cp1252 actually) to copy filtered resources, i.e. build is platform dependent!
2021-04-02 12:02:02,524 [Worker-30: Launching Readjsonfile] INFO  o.e.m.c.i.embedder.EclipseLogger - Copying 0 resource
2021-04-02 12:06:01,014 [Worker-32: Launching Readjsonfile] WARN  o.e.m.c.i.embedder.EclipseLogger - Using platform encoding (Cp1252 actually) to copy filtered resources, i.e. build is platform dependent!
2021-04-02 12:06:01,029 [Worker-32: Launching Readjsonfile] INFO  o.e.m.c.i.embedder.EclipseLogger - Copying 1 resource
2021-04-02 12:06:01,030 [Worker-32: Launching Readjsonfile] WARN  o.e.m.c.i.embedder.EclipseLogger - Using platform encoding (Cp1252 actually) to copy filtered resources, i.e. build is platform dependent!
2021-04-02 12:06:01,044 [Worker-32: Launching Readjsonfile] INFO  o.e.m.c.i.embedder.EclipseLogger - Copying 0 resource
2021-04-02 12:17:52,744 [Worker-40: Launching Readjsonfile] WARN  o.e.m.c.i.embedder.EclipseLogger - Using platform encoding (Cp1252 actually) to copy filtered resources, i.e. build is platform dependent!
2021-04-02 12:17:52,762 [Worker-40: Launching Readjsonfile] INFO  o.e.m.c.i.embedder.EclipseLogger - Copying 1 resource
2021-04-02 12:17:52,764 [Worker-40: Launching Readjsonfile] WARN  o.e.m.c.i.embedder.EclipseLogger - Using platform encoding (Cp1252 actually) to copy filtered resources, i.e. build is platform dependent!
2021-04-02 12:17:52,781 [Worker-40: Launching Readjsonfile] INFO  o.e.m.c.i.embedder.EclipseLogger - Copying 0 resource
2021-04-02 12:22:18,012 [Worker-38: Building] WARN  o.e.m.c.i.embedder.EclipseLogger - Using platform encoding (Cp1252 actually) to copy filtered resources, i.e. build is platform dependent!
2021-04-02 12:22:18,020 [Worker-38: Building] INFO  o.e.m.c.i.embedder.EclipseLogger - Copying 1 resource
2021-04-02 12:22:18,027 [Worker-38: Building] WARN  o.e.m.c.i.embedder.EclipseLogger - Using platform encoding (Cp1252 actually) to copy filtered resources, i.e. build is platform dependent!
2021-04-02 12:22:18,034 [Worker-38: Building] INFO  o.e.m.c.i.embedder.EclipseLogger - Copying 0 resource
2021-04-02 12:23:20,757 [Worker-38: Launching Readjsonfile] WARN  o.e.m.c.i.embedder.EclipseLogger - Using platform encoding (Cp1252 actually) to copy filtered resources, i.e. build is platform dependent!
2021-04-02 12:23:20,771 [Worker-38: Launching Readjsonfile] INFO  o.e.m.c.i.embedder.EclipseLogger - Copying 1 resource
2021-04-02 12:23:20,774 [Worker-38: Launching Readjsonfile] WARN  o.e.m.c.i.embedder.EclipseLogger - Using platform encoding (Cp1252 actually) to copy filtered resources, i.e. build is platform dependent!
2021-04-02 12:23:20,786 [Worker-38: Launching Readjsonfile] INFO  o.e.m.c.i.embedder.EclipseLogger - Copying 0 resource
2021-04-02 12:26:20,094 [Worker-40: Launching Readjsonfile] WARN  o.e.m.c.i.embedder.EclipseLogger - Using platform encoding (Cp1252 actually) to copy filtered resources, i.e. build is platform dependent!
2021-04-02 12:26:20,109 [Worker-40: Launching Readjsonfile] INFO  o.e.m.c.i.embedder.EclipseLogger - Copying 1 resource
2021-04-02 12:26:20,111 [Worker-40: Launching Readjsonfile] WARN  o.e.m.c.i.embedder.EclipseLogger - Using platform encoding (Cp1252 actually) to copy filtered resources, i.e. build is platform dependent!
2021-04-02 12:26:20,124 [Worker-40: Launching Readjsonfile] INFO  o.e.m.c.i.embedder.EclipseLogger - Copying 0 resource
2021-04-02 12:28:08,759 [Worker-36: Launching Readjsonfile] WARN  o.e.m.c.i.embedder.EclipseLogger - Using platform encoding (Cp1252 actually) to copy filtered resources, i.e. build is platform dependent!
2021-04-02 12:28:08,773 [Worker-36: Launching Readjsonfile] INFO  o.e.m.c.i.embedder.EclipseLogger - Copying 1 resource
2021-04-02 12:28:08,774 [Worker-36: Launching Readjsonfile] WARN  o.e.m.c.i.embedder.EclipseLogger - Using platform encoding (Cp1252 actually) to copy filtered resources, i.e. build is platform dependent!
2021-04-02 12:28:08,783 [Worker-36: Launching Readjsonfile] INFO  o.e.m.c.i.embedder.EclipseLogger - Copying 0 resource
2021-04-02 12:28:58,839 [Worker-43: Launching Readjsonfile] WARN  o.e.m.c.i.embedder.EclipseLogger - Using platform encoding (Cp1252 actually) to copy filtered resources, i.e. build is platform dependent!
2021-04-02 12:28:58,855 [Worker-43: Launching Readjsonfile] INFO  o.e.m.c.i.embedder.EclipseLogger - Copying 1 resource
2021-04-02 12:28:58,856 [Worker-43: Launching Readjsonfile] WARN  o.e.m.c.i.embedder.EclipseLogger - Using platform encoding (Cp1252 actually) to copy filtered resources, i.e. build is platform dependent!
2021-04-02 12:28:58,869 [Worker-43: Launching Readjsonfile] INFO  o.e.m.c.i.embedder.EclipseLogger - Copying 0 resource
2021-04-02 12:29:28,053 [Worker-40: Launching Readjsonfile] WARN  o.e.m.c.i.embedder.EclipseLogger - Using platform encoding (Cp1252 actually) to copy filtered resources, i.e. build is platform dependent!
2021-04-02 12:29:28,068 [Worker-40: Launching Readjsonfile] INFO  o.e.m.c.i.embedder.EclipseLogger - Copying 1 resource
2021-04-02 12:29:28,070 [Worker-40: Launching Readjsonfile] WARN  o.e.m.c.i.embedder.EclipseLogger - Using platform encoding (Cp1252 actually) to copy filtered resources, i.e. build is platform dependent!
2021-04-02 12:29:28,082 [Worker-40: Launching Readjsonfile] INFO  o.e.m.c.i.embedder.EclipseLogger - Copying 0 resource
2021-04-02 12:29:45,075 [Worker-36: Launching Readjsonfile] WARN  o.e.m.c.i.embedder.EclipseLogger - Using platform encoding (Cp1252 actually) to copy filtered resources, i.e. build is platform dependent!
2021-04-02 12:29:45,091 [Worker-36: Launching Readjsonfile] INFO  o.e.m.c.i.embedder.EclipseLogger - Copying 1 resource
2021-04-02 12:29:45,094 [Worker-36: Launching Readjsonfile] WARN  o.e.m.c.i.embedder.EclipseLogger - Using platform encoding (Cp1252 actually) to copy filtered resources, i.e. build is platform dependent!
2021-04-02 12:29:45,102 [Worker-36: Launching Readjsonfile] INFO  o.e.m.c.i.embedder.EclipseLogger - Copying 0 resource
2021-04-02 12:32:33,488 [Worker-42: Building] WARN  o.e.m.c.i.embedder.EclipseLogger - Using platform encoding (Cp1252 actually) to copy filtered resources, i.e. build is platform dependent!
2021-04-02 12:32:33,498 [Worker-42: Building] INFO  o.e.m.c.i.embedder.EclipseLogger - Copying 1 resource
2021-04-02 12:32:33,499 [Worker-42: Building] WARN  o.e.m.c.i.embedder.EclipseLogger - Using platform encoding (Cp1252 actually) to copy filtered resources, i.e. build is platform dependent!
2021-04-02 12:32:33,513 [Worker-42: Building] INFO  o.e.m.c.i.embedder.EclipseLogger - Copying 0 resource
2021-04-02 13:12:17,356 [Worker-57: Building] WARN  o.e.m.c.i.embedder.EclipseLogger - Using platform encoding (Cp1252 actually) to copy filtered resources, i.e. build is platform dependent!
2021-04-02 13:12:17,441 [Worker-57: Building] INFO  o.e.m.c.i.embedder.EclipseLogger - Copying 1 resource
2021-04-02 13:12:17,444 [Worker-57: Building] WARN  o.e.m.c.i.embedder.EclipseLogger - Using platform encoding (Cp1252 actually) to copy filtered resources, i.e. build is platform dependent!
2021-04-02 13:12:17,455 [Worker-57: Building] INFO  o.e.m.c.i.embedder.EclipseLogger - Copying 0 resource
2021-04-02 13:37:54,276 [Worker-65: Launching Readjsonfile] WARN  o.e.m.c.i.embedder.EclipseLogger - Using platform encoding (Cp1252 actually) to copy filtered resources, i.e. build is platform dependent!
2021-04-02 13:37:54,283 [Worker-65: Launching Readjsonfile] INFO  o.e.m.c.i.embedder.EclipseLogger - Copying 1 resource
2021-04-02 13:37:54,284 [Worker-65: Launching Readjsonfile] WARN  o.e.m.c.i.embedder.EclipseLogger - Using platform encoding (Cp1252 actually) to copy filtered resources, i.e. build is platform dependent!
2021-04-02 13:37:54,290 [Worker-65: Launching Readjsonfile] INFO  o.e.m.c.i.embedder.EclipseLogger - Copying 0 resource
2021-04-02 16:09:43,703 [Worker-81: Launching Readjsonfile] WARN  o.e.m.c.i.embedder.EclipseLogger - Using platform encoding (Cp1252 actually) to copy filtered resources, i.e. build is platform dependent!
2021-04-02 16:09:43,716 [Worker-81: Launching Readjsonfile] INFO  o.e.m.c.i.embedder.EclipseLogger - Copying 1 resource
2021-04-02 16:09:43,717 [Worker-81: Launching Readjsonfile] WARN  o.e.m.c.i.embedder.EclipseLogger - Using platform encoding (Cp1252 actually) to copy filtered resources, i.e. build is platform dependent!
2021-04-02 16:09:43,724 [Worker-81: Launching Readjsonfile] INFO  o.e.m.c.i.embedder.EclipseLogger - Copying 0 resource
2021-04-02 17:43:23,069 [Worker-103: Building] WARN  o.e.m.c.i.embedder.EclipseLogger - Using platform encoding (Cp1252 actually) to copy filtered resources, i.e. build is platform dependent!
2021-04-02 17:43:23,112 [Worker-103: Building] INFO  o.e.m.c.i.embedder.EclipseLogger - Copying 1 resource
2021-04-02 17:43:23,122 [Worker-103: Building] WARN  o.e.m.c.i.embedder.EclipseLogger - Using platform encoding (Cp1252 actually) to copy filtered resources, i.e. build is platform dependent!
2021-04-02 17:43:23,157 [Worker-103: Building] INFO  o.e.m.c.i.embedder.EclipseLogger - Copying 0 resource
2021-04-02 17:43:29,320 [Worker-104: Building] WARN  o.e.m.c.i.embedder.EclipseLogger - Using platform encoding (Cp1252 actually) to copy filtered resources, i.e. build is platform dependent!
2021-04-02 17:43:29,336 [Worker-104: Building] INFO  o.e.m.c.i.embedder.EclipseLogger - Copying 1 resource
2021-04-02 17:43:29,338 [Worker-104: Building] WARN  o.e.m.c.i.embedder.EclipseLogger - Using platform encoding (Cp1252 actually) to copy filtered resources, i.e. build is platform dependent!
2021-04-02 17:43:29,355 [Worker-104: Building] INFO  o.e.m.c.i.embedder.EclipseLogger - Copying 0 resource
2021-04-02 17:52:54,088 [Worker-109: Launching Readjsonfile] WARN  o.e.m.c.i.embedder.EclipseLogger - Using platform encoding (Cp1252 actually) to copy filtered resources, i.e. build is platform dependent!
2021-04-02 17:52:54,105 [Worker-109: Launching Readjsonfile] INFO  o.e.m.c.i.embedder.EclipseLogger - Copying 1 resource
2021-04-02 17:52:54,108 [Worker-109: Launching Readjsonfile] WARN  o.e.m.c.i.embedder.EclipseLogger - Using platform encoding (Cp1252 actually) to copy filtered resources, i.e. build is platform dependent!
2021-04-02 17:52:54,122 [Worker-109: Launching Readjsonfile] INFO  o.e.m.c.i.embedder.EclipseLogger - Copying 0 resource
2021-04-02 18:11:19,867 [Worker-115: Launching Readjsonfile] WARN  o.e.m.c.i.embedder.EclipseLogger - Using platform encoding (Cp1252 actually) to copy filtered resources, i.e. build is platform dependent!
2021-04-02 18:11:19,885 [Worker-115: Launching Readjsonfile] INFO  o.e.m.c.i.embedder.EclipseLogger - Copying 1 resource
2021-04-02 18:11:19,889 [Worker-115: Launching Readjsonfile] WARN  o.e.m.c.i.embedder.EclipseLogger - Using platform encoding (Cp1252 actually) to copy filtered resources, i.e. build is platform dependent!
2021-04-02 18:11:19,904 [Worker-115: Launching Readjsonfile] INFO  o.e.m.c.i.embedder.EclipseLogger - Copying 0 resource
2021-04-02 18:13:43,786 [Worker-118: Launching Readjsonfile] WARN  o.e.m.c.i.embedder.EclipseLogger - Using platform encoding (Cp1252 actually) to copy filtered resources, i.e. build is platform dependent!
2021-04-02 18:13:43,801 [Worker-118: Launching Readjsonfile] INFO  o.e.m.c.i.embedder.EclipseLogger - Copying 1 resource
2021-04-02 18:13:43,803 [Worker-118: Launching Readjsonfile] WARN  o.e.m.c.i.embedder.EclipseLogger - Using platform encoding (Cp1252 actually) to copy filtered resources, i.e. build is platform dependent!
2021-04-02 18:13:43,821 [Worker-118: Launching Readjsonfile] INFO  o.e.m.c.i.embedder.EclipseLogger - Copying 0 resource
2021-04-02 18:14:37,739 [Worker-119: Launching Readjsonfile] WARN  o.e.m.c.i.embedder.EclipseLogger - Using platform encoding (Cp1252 actually) to copy filtered resources, i.e. build is platform dependent!
2021-04-02 18:14:37,757 [Worker-119: Launching Readjsonfile] INFO  o.e.m.c.i.embedder.EclipseLogger - Copying 1 resource
2021-04-02 18:14:37,761 [Worker-119: Launching Readjsonfile] WARN  o.e.m.c.i.embedder.EclipseLogger - Using platform encoding (Cp1252 actually) to copy filtered resources, i.e. build is platform dependent!
2021-04-02 18:14:37,775 [Worker-119: Launching Readjsonfile] INFO  o.e.m.c.i.embedder.EclipseLogger - Copying 0 resource
2021-04-02 18:37:54,933 [Worker-136: Building] WARN  o.e.m.c.i.embedder.EclipseLogger - Using platform encoding (Cp1252 actually) to copy filtered resources, i.e. build is platform dependent!
2021-04-02 18:37:54,946 [Worker-136: Building] INFO  o.e.m.c.i.embedder.EclipseLogger - Copying 1 resource
2021-04-02 18:37:54,948 [Worker-136: Building] WARN  o.e.m.c.i.embedder.EclipseLogger - Using platform encoding (Cp1252 actually) to copy filtered resources, i.e. build is platform dependent!
2021-04-02 18:37:54,961 [Worker-136: Building] INFO  o.e.m.c.i.embedder.EclipseLogger - Copying 0 resource
2021-04-02 18:41:12,208 [Worker-138: Launching Readjsonfile] WARN  o.e.m.c.i.embedder.EclipseLogger - Using platform encoding (Cp1252 actually) to copy filtered resources, i.e. build is platform dependent!
2021-04-02 18:41:12,224 [Worker-138: Launching Readjsonfile] INFO  o.e.m.c.i.embedder.EclipseLogger - Copying 1 resource
2021-04-02 18:41:12,226 [Worker-138: Launching Readjsonfile] WARN  o.e.m.c.i.embedder.EclipseLogger - Using platform encoding (Cp1252 actually) to copy filtered resources, i.e. build is platform dependent!
2021-04-02 18:41:12,244 [Worker-138: Launching Readjsonfile] INFO  o.e.m.c.i.embedder.EclipseLogger - Copying 0 resource
2021-04-02 18:43:45,112 [Worker-138: Building] WARN  o.e.m.c.i.embedder.EclipseLogger - Using platform encoding (Cp1252 actually) to copy filtered resources, i.e. build is platform dependent!
2021-04-02 18:43:45,137 [Worker-138: Building] INFO  o.e.m.c.i.embedder.EclipseLogger - Copying 1 resource
2021-04-02 18:43:45,140 [Worker-138: Building] WARN  o.e.m.c.i.embedder.EclipseLogger - Using platform encoding (Cp1252 actually) to copy filtered resources, i.e. build is platform dependent!
2021-04-02 18:43:45,164 [Worker-138: Building] INFO  o.e.m.c.i.embedder.EclipseLogger - Copying 0 resource
2021-04-02 18:44:01,722 [Worker-137: Building] WARN  o.e.m.c.i.embedder.EclipseLogger - Using platform encoding (Cp1252 actually) to copy filtered resources, i.e. build is platform dependent!
2021-04-02 18:44:01,748 [Worker-137: Building] INFO  o.e.m.c.i.embedder.EclipseLogger - Copying 1 resource
2021-04-02 18:44:01,753 [Worker-137: Building] WARN  o.e.m.c.i.embedder.EclipseLogger - Using platform encoding (Cp1252 actually) to copy filtered resources, i.e. build is platform dependent!
2021-04-02 18:44:01,779 [Worker-137: Building] INFO  o.e.m.c.i.embedder.EclipseLogger - Copying 0 resource
2021-04-02 18:44:16,667 [Worker-138: Building] WARN  o.e.m.c.i.embedder.EclipseLogger - Using platform encoding (Cp1252 actually) to copy filtered resources, i.e. build is platform dependent!
2021-04-02 18:44:16,690 [Worker-138: Building] INFO  o.e.m.c.i.embedder.EclipseLogger - Copying 1 resource
2021-04-02 18:44:16,694 [Worker-138: Building] WARN  o.e.m.c.i.embedder.EclipseLogger - Using platform encoding (Cp1252 actually) to copy filtered resources, i.e. build is platform dependent!
2021-04-02 18:44:16,714 [Worker-138: Building] INFO  o.e.m.c.i.embedder.EclipseLogger - Copying 0 resource
2021-04-02 18:44:56,772 [Worker-140: Launching Readjsonfile] WARN  o.e.m.c.i.embedder.EclipseLogger - Using platform encoding (Cp1252 actually) to copy filtered resources, i.e. build is platform dependent!
2021-04-02 18:44:56,789 [Worker-140: Launching Readjsonfile] INFO  o.e.m.c.i.embedder.EclipseLogger - Copying 1 resource
2021-04-02 18:44:56,792 [Worker-140: Launching Readjsonfile] WARN  o.e.m.c.i.embedder.EclipseLogger - Using platform encoding (Cp1252 actually) to copy filtered resources, i.e. build is platform dependent!
2021-04-02 18:44:56,808 [Worker-140: Launching Readjsonfile] INFO  o.e.m.c.i.embedder.EclipseLogger - Copying 0 resource
2021-04-02 18:45:07,130 [Worker-138: Launching Readjsonfile] WARN  o.e.m.c.i.embedder.EclipseLogger - Using platform encoding (Cp1252 actually) to copy filtered resources, i.e. build is platform dependent!
2021-04-02 18:45:07,143 [Worker-138: Launching Readjsonfile] INFO  o.e.m.c.i.embedder.EclipseLogger - Copying 1 resource
2021-04-02 18:45:07,144 [Worker-138: Launching Readjsonfile] WARN  o.e.m.c.i.embedder.EclipseLogger - Using platform encoding (Cp1252 actually) to copy filtered resources, i.e. build is platform dependent!
2021-04-02 18:45:07,157 [Worker-138: Launching Readjsonfile] INFO  o.e.m.c.i.embedder.EclipseLogger - Copying 0 resource
2021-04-02 18:55:18,247 [Worker-145: Building] WARN  o.e.m.c.i.embedder.EclipseLogger - Using platform encoding (Cp1252 actually) to copy filtered resources, i.e. build is platform dependent!
2021-04-02 18:55:18,278 [Worker-145: Building] INFO  o.e.m.c.i.embedder.EclipseLogger - Copying 1 resource
2021-04-02 18:55:18,284 [Worker-145: Building] WARN  o.e.m.c.i.embedder.EclipseLogger - Using platform encoding (Cp1252 actually) to copy filtered resources, i.e. build is platform dependent!
2021-04-02 18:55:18,312 [Worker-145: Building] INFO  o.e.m.c.i.embedder.EclipseLogger - Copying 0 resource
2021-04-02 18:55:55,963 [Worker-146: Building] WARN  o.e.m.c.i.embedder.EclipseLogger - Using platform encoding (Cp1252 actually) to copy filtered resources, i.e. build is platform dependent!
2021-04-02 18:55:55,993 [Worker-146: Building] INFO  o.e.m.c.i.embedder.EclipseLogger - Copying 1 resource
2021-04-02 18:55:55,997 [Worker-146: Building] WARN  o.e.m.c.i.embedder.EclipseLogger - Using platform encoding (Cp1252 actually) to copy filtered resources, i.e. build is platform dependent!
2021-04-02 18:55:56,027 [Worker-146: Building] INFO  o.e.m.c.i.embedder.EclipseLogger - Copying 0 resource
2021-04-02 19:05:31,939 [Worker-147: Building] WARN  o.e.m.c.i.embedder.EclipseLogger - Using platform encoding (Cp1252 actually) to copy filtered resources, i.e. build is platform dependent!
2021-04-02 19:05:31,968 [Worker-147: Building] INFO  o.e.m.c.i.embedder.EclipseLogger - Copying 1 resource
2021-04-02 19:05:31,972 [Worker-147: Building] WARN  o.e.m.c.i.embedder.EclipseLogger - Using platform encoding (Cp1252 actually) to copy filtered resources, i.e. build is platform dependent!
2021-04-02 19:05:31,993 [Worker-147: Building] INFO  o.e.m.c.i.embedder.EclipseLogger - Copying 0 resource
2021-04-02 19:05:34,819 [Worker-152: Building] WARN  o.e.m.c.i.embedder.EclipseLogger - Using platform encoding (Cp1252 actually) to copy filtered resources, i.e. build is platform dependent!
2021-04-02 19:05:34,847 [Worker-152: Building] INFO  o.e.m.c.i.embedder.EclipseLogger - Copying 1 resource
2021-04-02 19:05:34,851 [Worker-152: Building] WARN  o.e.m.c.i.embedder.EclipseLogger - Using platform encoding (Cp1252 actually) to copy filtered resources, i.e. build is platform dependent!
2021-04-02 19:05:34,867 [Worker-152: Building] INFO  o.e.m.c.i.embedder.EclipseLogger - Copying 0 resource
2021-04-02 19:05:37,581 [Worker-149: Building] WARN  o.e.m.c.i.embedder.EclipseLogger - Using platform encoding (Cp1252 actually) to copy filtered resources, i.e. build is platform dependent!
2021-04-02 19:05:37,613 [Worker-149: Building] INFO  o.e.m.c.i.embedder.EclipseLogger - Copying 1 resource
2021-04-02 19:05:37,617 [Worker-149: Building] WARN  o.e.m.c.i.embedder.EclipseLogger - Using platform encoding (Cp1252 actually) to copy filtered resources, i.e. build is platform dependent!
2021-04-02 19:05:37,642 [Worker-149: Building] INFO  o.e.m.c.i.embedder.EclipseLogger - Copying 0 resource
2021-04-02 19:06:17,695 [Worker-146: Building] WARN  o.e.m.c.i.embedder.EclipseLogger - Using platform encoding (Cp1252 actually) to copy filtered resources, i.e. build is platform dependent!
2021-04-02 19:06:17,720 [Worker-146: Building] INFO  o.e.m.c.i.embedder.EclipseLogger - Copying 1 resource
2021-04-02 19:06:17,723 [Worker-146: Building] WARN  o.e.m.c.i.embedder.EclipseLogger - Using platform encoding (Cp1252 actually) to copy filtered resources, i.e. build is platform dependent!
2021-04-02 19:06:17,745 [Worker-146: Building] INFO  o.e.m.c.i.embedder.EclipseLogger - Copying 0 resource
2021-04-02 19:06:40,535 [Worker-147: Building] WARN  o.e.m.c.i.embedder.EclipseLogger - Using platform encoding (Cp1252 actually) to copy filtered resources, i.e. build is platform dependent!
2021-04-02 19:06:40,544 [Worker-147: Building] INFO  o.e.m.c.i.embedder.EclipseLogger - Copying 1 resource
2021-04-02 19:06:40,546 [Worker-147: Building] WARN  o.e.m.c.i.embedder.EclipseLogger - Using platform encoding (Cp1252 actually) to copy filtered resources, i.e. build is platform dependent!
2021-04-02 19:06:40,554 [Worker-147: Building] INFO  o.e.m.c.i.embedder.EclipseLogger - Copying 0 resource
2021-04-02 19:08:58,424 [Worker-146: Building] WARN  o.e.m.c.i.embedder.EclipseLogger - Using platform encoding (Cp1252 actually) to copy filtered resources, i.e. build is platform dependent!
2021-04-02 19:08:58,447 [Worker-146: Building] INFO  o.e.m.c.i.embedder.EclipseLogger - Copying 1 resource
2021-04-02 19:08:58,452 [Worker-146: Building] WARN  o.e.m.c.i.embedder.EclipseLogger - Using platform encoding (Cp1252 actually) to copy filtered resources, i.e. build is platform dependent!
2021-04-02 19:08:58,474 [Worker-146: Building] INFO  o.e.m.c.i.embedder.EclipseLogger - Copying 0 resource
2021-04-02 19:09:55,684 [Worker-151: Building] WARN  o.e.m.c.i.embedder.EclipseLogger - Using platform encoding (Cp1252 actually) to copy filtered resources, i.e. build is platform dependent!
2021-04-02 19:09:55,712 [Worker-151: Building] INFO  o.e.m.c.i.embedder.EclipseLogger - Copying 1 resource
2021-04-02 19:09:55,715 [Worker-151: Building] WARN  o.e.m.c.i.embedder.EclipseLogger - Using platform encoding (Cp1252 actually) to copy filtered resources, i.e. build is platform dependent!
2021-04-02 19:09:55,736 [Worker-151: Building] INFO  o.e.m.c.i.embedder.EclipseLogger - Copying 0 resource
2021-04-02 19:10:02,537 [Worker-152: Building] WARN  o.e.m.c.i.embedder.EclipseLogger - Using platform encoding (Cp1252 actually) to copy filtered resources, i.e. build is platform dependent!
2021-04-02 19:10:02,562 [Worker-152: Building] INFO  o.e.m.c.i.embedder.EclipseLogger - Copying 1 resource
2021-04-02 19:10:02,566 [Worker-152: Building] WARN  o.e.m.c.i.embedder.EclipseLogger - Using platform encoding (Cp1252 actually) to copy filtered resources, i.e. build is platform dependent!
2021-04-02 19:10:02,588 [Worker-152: Building] INFO  o.e.m.c.i.embedder.EclipseLogger - Copying 0 resource
2021-04-02 19:10:14,451 [Worker-151: Building] WARN  o.e.m.c.i.embedder.EclipseLogger - Using platform encoding (Cp1252 actually) to copy filtered resources, i.e. build is platform dependent!
2021-04-02 19:10:14,475 [Worker-151: Building] INFO  o.e.m.c.i.embedder.EclipseLogger - Copying 1 resource
2021-04-02 19:10:14,479 [Worker-151: Building] WARN  o.e.m.c.i.embedder.EclipseLogger - Using platform encoding (Cp1252 actually) to copy filtered resources, i.e. build is platform dependent!
2021-04-02 19:10:14,501 [Worker-151: Building] INFO  o.e.m.c.i.embedder.EclipseLogger - Copying 0 resource
2021-04-02 19:10:23,865 [Worker-146: Building] WARN  o.e.m.c.i.embedder.EclipseLogger - Using platform encoding (Cp1252 actually) to copy filtered resources, i.e. build is platform dependent!
2021-04-02 19:10:23,893 [Worker-146: Building] INFO  o.e.m.c.i.embedder.EclipseLogger - Copying 1 resource
2021-04-02 19:10:23,897 [Worker-146: Building] WARN  o.e.m.c.i.embedder.EclipseLogger - Using platform encoding (Cp1252 actually) to copy filtered resources, i.e. build is platform dependent!
2021-04-02 19:10:23,928 [Worker-146: Building] INFO  o.e.m.c.i.embedder.EclipseLogger - Copying 0 resource
2021-04-02 19:17:50,732 [Worker-154: Launching Readjsonfile] WARN  o.e.m.c.i.embedder.EclipseLogger - Using platform encoding (Cp1252 actually) to copy filtered resources, i.e. build is platform dependent!
2021-04-02 19:17:50,755 [Worker-154: Launching Readjsonfile] INFO  o.e.m.c.i.embedder.EclipseLogger - Copying 1 resource
2021-04-02 19:17:50,758 [Worker-154: Launching Readjsonfile] WARN  o.e.m.c.i.embedder.EclipseLogger - Using platform encoding (Cp1252 actually) to copy filtered resources, i.e. build is platform dependent!
2021-04-02 19:17:50,772 [Worker-154: Launching Readjsonfile] INFO  o.e.m.c.i.embedder.EclipseLogger - Copying 0 resource
2021-04-02 19:18:26,926 [Worker-153: Launching Readjsonfile] WARN  o.e.m.c.i.embedder.EclipseLogger - Using platform encoding (Cp1252 actually) to copy filtered resources, i.e. build is platform dependent!
2021-04-02 19:18:26,941 [Worker-153: Launching Readjsonfile] INFO  o.e.m.c.i.embedder.EclipseLogger - Copying 1 resource
2021-04-02 19:18:26,944 [Worker-153: Launching Readjsonfile] WARN  o.e.m.c.i.embedder.EclipseLogger - Using platform encoding (Cp1252 actually) to copy filtered resources, i.e. build is platform dependent!
2021-04-02 19:18:26,959 [Worker-153: Launching Readjsonfile] INFO  o.e.m.c.i.embedder.EclipseLogger - Copying 0 resource
2021-04-02 19:18:59,979 [Worker-153: Building] WARN  o.e.m.c.i.embedder.EclipseLogger - Using platform encoding (Cp1252 actually) to copy filtered resources, i.e. build is platform dependent!
2021-04-02 19:19:00,001 [Worker-153: Building] INFO  o.e.m.c.i.embedder.EclipseLogger - Copying 1 resource
2021-04-02 19:19:00,006 [Worker-153: Building] WARN  o.e.m.c.i.embedder.EclipseLogger - Using platform encoding (Cp1252 actually) to copy filtered resources, i.e. build is platform dependent!
2021-04-02 19:19:00,031 [Worker-153: Building] INFO  o.e.m.c.i.embedder.EclipseLogger - Copying 0 resource
2021-04-02 19:21:33,287 [Worker-146: Building] WARN  o.e.m.c.i.embedder.EclipseLogger - Using platform encoding (Cp1252 actually) to copy filtered resources, i.e. build is platform dependent!
2021-04-02 19:21:33,315 [Worker-146: Building] INFO  o.e.m.c.i.embedder.EclipseLogger - Copying 1 resource
2021-04-02 19:21:33,320 [Worker-146: Building] WARN  o.e.m.c.i.embedder.EclipseLogger - Using platform encoding (Cp1252 actually) to copy filtered resources, i.e. build is platform dependent!
2021-04-02 19:21:33,342 [Worker-146: Building] INFO  o.e.m.c.i.embedder.EclipseLogger - Copying 0 resource
2021-04-03 10:54:03,919 [Worker-166: Building] WARN  o.e.m.c.i.embedder.EclipseLogger - Using platform encoding (Cp1252 actually) to copy filtered resources, i.e. build is platform dependent!
2021-04-03 10:54:03,920 [Worker-166: Building] INFO  o.e.m.c.i.embedder.EclipseLogger - Copying 1 resource
2021-04-03 10:54:03,922 [Worker-166: Building] WARN  o.e.m.c.i.embedder.EclipseLogger - Using platform encoding (Cp1252 actually) to copy filtered resources, i.e. build is platform dependent!
2021-04-03 10:54:03,923 [Worker-166: Building] INFO  o.e.m.c.i.embedder.EclipseLogger - Copying 0 resource
2021-04-03 10:54:15,818 [Worker-166: Building] WARN  o.e.m.c.i.embedder.EclipseLogger - Using platform encoding (Cp1252 actually) to copy filtered resources, i.e. build is platform dependent!
2021-04-03 10:54:15,819 [Worker-166: Building] INFO  o.e.m.c.i.embedder.EclipseLogger - Copying 1 resource
2021-04-03 10:54:15,820 [Worker-166: Building] WARN  o.e.m.c.i.embedder.EclipseLogger - Using platform encoding (Cp1252 actually) to copy filtered resources, i.e. build is platform dependent!
2021-04-03 10:54:15,820 [Worker-166: Building] INFO  o.e.m.c.i.embedder.EclipseLogger - Copying 0 resource
2021-04-03 11:04:06,064 [Worker-166: Building] WARN  o.e.m.c.i.embedder.EclipseLogger - Using platform encoding (Cp1252 actually) to copy filtered resources, i.e. build is platform dependent!
2021-04-03 11:04:06,065 [Worker-166: Building] INFO  o.e.m.c.i.embedder.EclipseLogger - Copying 1 resource
2021-04-03 11:04:06,067 [Worker-166: Building] WARN  o.e.m.c.i.embedder.EclipseLogger - Using platform encoding (Cp1252 actually) to copy filtered resources, i.e. build is platform dependent!
2021-04-03 11:04:06,069 [Worker-166: Building] INFO  o.e.m.c.i.embedder.EclipseLogger - Copying 0 resource
2021-04-03 11:05:22,599 [Worker-164: Launching Readjsonfile] WARN  o.e.m.c.i.embedder.EclipseLogger - Using platform encoding (Cp1252 actually) to copy filtered resources, i.e. build is platform dependent!
2021-04-03 11:05:22,601 [Worker-164: Launching Readjsonfile] INFO  o.e.m.c.i.embedder.EclipseLogger - Copying 1 resource
2021-04-03 11:05:22,602 [Worker-164: Launching Readjsonfile] WARN  o.e.m.c.i.embedder.EclipseLogger - Using platform encoding (Cp1252 actually) to copy filtered resources, i.e. build is platform dependent!
2021-04-03 11:05:22,603 [Worker-164: Launching Readjsonfile] INFO  o.e.m.c.i.embedder.EclipseLogger - Copying 0 resource
2021-04-03 11:05:52,262 [Worker-172: Building] WARN  o.e.m.c.i.embedder.EclipseLogger - Using platform encoding (Cp1252 actually) to copy filtered resources, i.e. build is platform dependent!
2021-04-03 11:05:52,263 [Worker-172: Building] INFO  o.e.m.c.i.embedder.EclipseLogger - Copying 1 resource
2021-04-03 11:05:52,264 [Worker-172: Building] WARN  o.e.m.c.i.embedder.EclipseLogger - Using platform encoding (Cp1252 actually) to copy filtered resources, i.e. build is platform dependent!
2021-04-03 11:05:52,265 [Worker-172: Building] INFO  o.e.m.c.i.embedder.EclipseLogger - Copying 0 resource
2021-04-03 11:19:39,961 [Worker-174: Building] WARN  o.e.m.c.i.embedder.EclipseLogger - Using platform encoding (Cp1252 actually) to copy filtered resources, i.e. build is platform dependent!
2021-04-03 11:19:39,962 [Worker-174: Building] INFO  o.e.m.c.i.embedder.EclipseLogger - Copying 1 resource
2021-04-03 11:19:39,963 [Worker-174: Building] WARN  o.e.m.c.i.embedder.EclipseLogger - Using platform encoding (Cp1252 actually) to copy filtered resources, i.e. build is platform dependent!
2021-04-03 11:19:39,963 [Worker-174: Building] INFO  o.e.m.c.i.embedder.EclipseLogger - Copying 0 resource
2021-04-03 11:20:13,261 [Worker-178: Building] WARN  o.e.m.c.i.embedder.EclipseLogger - Using platform encoding (Cp1252 actually) to copy filtered resources, i.e. build is platform dependent!
2021-04-03 11:20:13,262 [Worker-178: Building] INFO  o.e.m.c.i.embedder.EclipseLogger - Copying 1 resource
2021-04-03 11:20:13,262 [Worker-178: Building] WARN  o.e.m.c.i.embedder.EclipseLogger - Using platform encoding (Cp1252 actually) to copy filtered resources, i.e. build is platform dependent!
2021-04-03 11:20:13,263 [Worker-178: Building] INFO  o.e.m.c.i.embedder.EclipseLogger - Copying 0 resource
2021-04-03 11:21:05,702 [Worker-174: Building] WARN  o.e.m.c.i.embedder.EclipseLogger - Using platform encoding (Cp1252 actually) to copy filtered resources, i.e. build is platform dependent!
2021-04-03 11:21:05,703 [Worker-174: Building] INFO  o.e.m.c.i.embedder.EclipseLogger - Copying 1 resource
2021-04-03 11:21:05,704 [Worker-174: Building] WARN  o.e.m.c.i.embedder.EclipseLogger - Using platform encoding (Cp1252 actually) to copy filtered resources, i.e. build is platform dependent!
2021-04-03 11:21:05,705 [Worker-174: Building] INFO  o.e.m.c.i.embedder.EclipseLogger - Copying 0 resource
2021-04-03 11:22:05,860 [Worker-176: Building] WARN  o.e.m.c.i.embedder.EclipseLogger - Using platform encoding (Cp1252 actually) to copy filtered resources, i.e. build is platform dependent!
2021-04-03 11:22:05,868 [Worker-176: Building] INFO  o.e.m.c.i.embedder.EclipseLogger - Copying 1 resource
2021-04-03 11:22:05,877 [Worker-176: Building] WARN  o.e.m.c.i.embedder.EclipseLogger - Using platform encoding (Cp1252 actually) to copy filtered resources, i.e. build is platform dependent!
2021-04-03 11:22:05,882 [Worker-176: Building] INFO  o.e.m.c.i.embedder.EclipseLogger - Copying 0 resource
2021-04-03 11:25:23,023 [Worker-178: Building] WARN  o.e.m.c.i.embedder.EclipseLogger - Using platform encoding (Cp1252 actually) to copy filtered resources, i.e. build is platform dependent!
2021-04-03 11:25:23,024 [Worker-178: Building] INFO  o.e.m.c.i.embedder.EclipseLogger - Copying 1 resource
2021-04-03 11:25:23,025 [Worker-178: Building] WARN  o.e.m.c.i.embedder.EclipseLogger - Using platform encoding (Cp1252 actually) to copy filtered resources, i.e. build is platform dependent!
2021-04-03 11:25:23,026 [Worker-178: Building] INFO  o.e.m.c.i.embedder.EclipseLogger - Copying 0 resource
2021-04-03 11:26:48,401 [Worker-174: Launching Readjsonfile] WARN  o.e.m.c.i.embedder.EclipseLogger - Using platform encoding (Cp1252 actually) to copy filtered resources, i.e. build is platform dependent!
2021-04-03 11:26:48,405 [Worker-174: Launching Readjsonfile] INFO  o.e.m.c.i.embedder.EclipseLogger - Copying 1 resource
2021-04-03 11:26:48,414 [Worker-174: Launching Readjsonfile] WARN  o.e.m.c.i.embedder.EclipseLogger - Using platform encoding (Cp1252 actually) to copy filtered resources, i.e. build is platform dependent!
2021-04-03 11:26:48,422 [Worker-174: Launching Readjsonfile] INFO  o.e.m.c.i.embedder.EclipseLogger - Copying 0 resource
2021-04-03 11:42:24,073 [Worker-183: Launching Readjsonfile] WARN  o.e.m.c.i.embedder.EclipseLogger - Using platform encoding (Cp1252 actually) to copy filtered resources, i.e. build is platform dependent!
2021-04-03 11:42:24,075 [Worker-183: Launching Readjsonfile] INFO  o.e.m.c.i.embedder.EclipseLogger - Copying 1 resource
2021-04-03 11:42:24,076 [Worker-183: Launching Readjsonfile] WARN  o.e.m.c.i.embedder.EclipseLogger - Using platform encoding (Cp1252 actually) to copy filtered resources, i.e. build is platform dependent!
2021-04-03 11:42:24,077 [Worker-183: Launching Readjsonfile] INFO  o.e.m.c.i.embedder.EclipseLogger - Copying 0 resource
2021-04-03 11:43:02,357 [Worker-184: Launching Readjsonfile] WARN  o.e.m.c.i.embedder.EclipseLogger - Using platform encoding (Cp1252 actually) to copy filtered resources, i.e. build is platform dependent!
2021-04-03 11:43:02,359 [Worker-184: Launching Readjsonfile] INFO  o.e.m.c.i.embedder.EclipseLogger - Copying 1 resource
2021-04-03 11:43:02,361 [Worker-184: Launching Readjsonfile] WARN  o.e.m.c.i.embedder.EclipseLogger - Using platform encoding (Cp1252 actually) to copy filtered resources, i.e. build is platform dependent!
2021-04-03 11:43:02,362 [Worker-184: Launching Readjsonfile] INFO  o.e.m.c.i.embedder.EclipseLogger - Copying 0 resource
2021-04-03 11:43:48,654 [Worker-182: Launching Readjsonfile] WARN  o.e.m.c.i.embedder.EclipseLogger - Using platform encoding (Cp1252 actually) to copy filtered resources, i.e. build is platform dependent!
2021-04-03 11:43:48,655 [Worker-182: Launching Readjsonfile] INFO  o.e.m.c.i.embedder.EclipseLogger - Copying 1 resource
2021-04-03 11:43:48,656 [Worker-182: Launching Readjsonfile] WARN  o.e.m.c.i.embedder.EclipseLogger - Using platform encoding (Cp1252 actually) to copy filtered resources, i.e. build is platform dependent!
2021-04-03 11:43:48,657 [Worker-182: Launching Readjsonfile] INFO  o.e.m.c.i.embedder.EclipseLogger - Copying 0 resource
2021-04-05 12:04:42,220 [Worker-301: Launching Readjsonfile] WARN  o.e.m.c.i.embedder.EclipseLogger - Using platform encoding (Cp1252 actually) to copy filtered resources, i.e. build is platform dependent!
2021-04-05 12:04:42,301 [Worker-301: Launching Readjsonfile] INFO  o.e.m.c.i.embedder.EclipseLogger - Copying 1 resource
2021-04-05 12:04:42,306 [Worker-301: Launching Readjsonfile] WARN  o.e.m.c.i.embedder.EclipseLogger - Using platform encoding (Cp1252 actually) to copy filtered resources, i.e. build is platform dependent!
2021-04-05 12:04:42,331 [Worker-301: Launching Readjsonfile] INFO  o.e.m.c.i.embedder.EclipseLogger - Copying 0 resource
2021-04-05 12:06:13,237 [Worker-294: Building] WARN  o.e.m.c.i.embedder.EclipseLogger - Using platform encoding (Cp1252 actually) to copy filtered resources, i.e. build is platform dependent!
2021-04-05 12:06:13,262 [Worker-294: Building] INFO  o.e.m.c.i.embedder.EclipseLogger - Copying 1 resource
2021-04-05 12:06:13,268 [Worker-294: Building] WARN  o.e.m.c.i.embedder.EclipseLogger - Using platform encoding (Cp1252 actually) to copy filtered resources, i.e. build is platform dependent!
2021-04-05 12:06:13,291 [Worker-294: Building] INFO  o.e.m.c.i.embedder.EclipseLogger - Copying 0 resource
2021-04-05 12:11:33,642 [Worker-304: Launching Readjsonfile] WARN  o.e.m.c.i.embedder.EclipseLogger - Using platform encoding (Cp1252 actually) to copy filtered resources, i.e. build is platform dependent!
2021-04-05 12:11:33,665 [Worker-304: Launching Readjsonfile] INFO  o.e.m.c.i.embedder.EclipseLogger - Copying 1 resource
2021-04-05 12:11:33,667 [Worker-304: Launching Readjsonfile] WARN  o.e.m.c.i.embedder.EclipseLogger - Using platform encoding (Cp1252 actually) to copy filtered resources, i.e. build is platform dependent!
2021-04-05 12:11:33,683 [Worker-304: Launching Readjsonfile] INFO  o.e.m.c.i.embedder.EclipseLogger - Copying 0 resource
2021-04-05 12:14:31,673 [Worker-305: Building] WARN  o.e.m.c.i.embedder.EclipseLogger - Using platform encoding (Cp1252 actually) to copy filtered resources, i.e. build is platform dependent!
2021-04-05 12:14:31,687 [Worker-305: Building] INFO  o.e.m.c.i.embedder.EclipseLogger - Copying 1 resource
2021-04-05 12:14:31,689 [Worker-305: Building] WARN  o.e.m.c.i.embedder.EclipseLogger - Using platform encoding (Cp1252 actually) to copy filtered resources, i.e. build is platform dependent!
2021-04-05 12:14:31,704 [Worker-305: Building] INFO  o.e.m.c.i.embedder.EclipseLogger - Copying 0 resource
2021-04-05 12:17:48,860 [Worker-307: Building] WARN  o.e.m.c.i.embedder.EclipseLogger - Using platform encoding (Cp1252 actually) to copy filtered resources, i.e. build is platform dependent!
2021-04-05 12:17:48,884 [Worker-307: Building] INFO  o.e.m.c.i.embedder.EclipseLogger - Copying 1 resource
2021-04-05 12:17:48,887 [Worker-307: Building] WARN  o.e.m.c.i.embedder.EclipseLogger - Using platform encoding (Cp1252 actually) to copy filtered resources, i.e. build is platform dependent!
2021-04-05 12:17:48,905 [Worker-307: Building] INFO  o.e.m.c.i.embedder.EclipseLogger - Copying 0 resource
2021-04-05 12:19:00,064 [Worker-304: Launching Readjsonfile] WARN  o.e.m.c.i.embedder.EclipseLogger - Using platform encoding (Cp1252 actually) to copy filtered resources, i.e. build is platform dependent!
2021-04-05 12:19:00,082 [Worker-304: Launching Readjsonfile] INFO  o.e.m.c.i.embedder.EclipseLogger - Copying 1 resource
2021-04-05 12:19:00,084 [Worker-304: Launching Readjsonfile] WARN  o.e.m.c.i.embedder.EclipseLogger - Using platform encoding (Cp1252 actually) to copy filtered resources, i.e. build is platform dependent!
2021-04-05 12:19:00,099 [Worker-304: Launching Readjsonfile] INFO  o.e.m.c.i.embedder.EclipseLogger - Copying 0 resource
2021-04-05 12:19:16,916 [Worker-294: Building] WARN  o.e.m.c.i.embedder.EclipseLogger - Using platform encoding (Cp1252 actually) to copy filtered resources, i.e. build is platform dependent!
2021-04-05 12:19:16,941 [Worker-294: Building] INFO  o.e.m.c.i.embedder.EclipseLogger - Copying 1 resource
2021-04-05 12:19:16,945 [Worker-294: Building] WARN  o.e.m.c.i.embedder.EclipseLogger - Using platform encoding (Cp1252 actually) to copy filtered resources, i.e. build is platform dependent!
2021-04-05 12:19:16,968 [Worker-294: Building] INFO  o.e.m.c.i.embedder.EclipseLogger - Copying 0 resource
2021-04-05 12:19:30,514 [Worker-310: Building] WARN  o.e.m.c.i.embedder.EclipseLogger - Using platform encoding (Cp1252 actually) to copy filtered resources, i.e. build is platform dependent!
2021-04-05 12:19:30,537 [Worker-310: Building] INFO  o.e.m.c.i.embedder.EclipseLogger - Copying 1 resource
2021-04-05 12:19:30,538 [Worker-310: Building] WARN  o.e.m.c.i.embedder.EclipseLogger - Using platform encoding (Cp1252 actually) to copy filtered resources, i.e. build is platform dependent!
2021-04-05 12:19:30,558 [Worker-310: Building] INFO  o.e.m.c.i.embedder.EclipseLogger - Copying 0 resource
2021-04-05 12:19:53,959 [Worker-307: Building] WARN  o.e.m.c.i.embedder.EclipseLogger - Using platform encoding (Cp1252 actually) to copy filtered resources, i.e. build is platform dependent!
2021-04-05 12:19:53,974 [Worker-307: Building] INFO  o.e.m.c.i.embedder.EclipseLogger - Copying 1 resource
2021-04-05 12:19:53,976 [Worker-307: Building] WARN  o.e.m.c.i.embedder.EclipseLogger - Using platform encoding (Cp1252 actually) to copy filtered resources, i.e. build is platform dependent!
2021-04-05 12:19:53,990 [Worker-307: Building] INFO  o.e.m.c.i.embedder.EclipseLogger - Copying 0 resource
2021-04-05 12:20:08,286 [Worker-294: Building] WARN  o.e.m.c.i.embedder.EclipseLogger - Using platform encoding (Cp1252 actually) to copy filtered resources, i.e. build is platform dependent!
2021-04-05 12:20:08,308 [Worker-294: Building] INFO  o.e.m.c.i.embedder.EclipseLogger - Copying 1 resource
2021-04-05 12:20:08,311 [Worker-294: Building] WARN  o.e.m.c.i.embedder.EclipseLogger - Using platform encoding (Cp1252 actually) to copy filtered resources, i.e. build is platform dependent!
2021-04-05 12:20:08,332 [Worker-294: Building] INFO  o.e.m.c.i.embedder.EclipseLogger - Copying 0 resource
2021-04-05 12:20:24,997 [Worker-304: Building] WARN  o.e.m.c.i.embedder.EclipseLogger - Using platform encoding (Cp1252 actually) to copy filtered resources, i.e. build is platform dependent!
2021-04-05 12:20:25,011 [Worker-304: Building] INFO  o.e.m.c.i.embedder.EclipseLogger - Copying 1 resource
2021-04-05 12:20:25,012 [Worker-304: Building] WARN  o.e.m.c.i.embedder.EclipseLogger - Using platform encoding (Cp1252 actually) to copy filtered resources, i.e. build is platform dependent!
2021-04-05 12:20:25,022 [Worker-304: Building] INFO  o.e.m.c.i.embedder.EclipseLogger - Copying 0 resource
2021-04-05 12:20:39,496 [Worker-294: Building] WARN  o.e.m.c.i.embedder.EclipseLogger - Using platform encoding (Cp1252 actually) to copy filtered resources, i.e. build is platform dependent!
2021-04-05 12:20:39,519 [Worker-294: Building] INFO  o.e.m.c.i.embedder.EclipseLogger - Copying 1 resource
2021-04-05 12:20:39,523 [Worker-294: Building] WARN  o.e.m.c.i.embedder.EclipseLogger - Using platform encoding (Cp1252 actually) to copy filtered resources, i.e. build is platform dependent!
2021-04-05 12:20:39,544 [Worker-294: Building] INFO  o.e.m.c.i.embedder.EclipseLogger - Copying 0 resource
2021-04-05 12:24:05,112 [Worker-307: Building] WARN  o.e.m.c.i.embedder.EclipseLogger - Using platform encoding (Cp1252 actually) to copy filtered resources, i.e. build is platform dependent!
2021-04-05 12:24:05,141 [Worker-307: Building] INFO  o.e.m.c.i.embedder.EclipseLogger - Copying 1 resource
2021-04-05 12:24:05,143 [Worker-307: Building] WARN  o.e.m.c.i.embedder.EclipseLogger - Using platform encoding (Cp1252 actually) to copy filtered resources, i.e. build is platform dependent!
2021-04-05 12:24:05,155 [Worker-307: Building] INFO  o.e.m.c.i.embedder.EclipseLogger - Copying 0 resource
2021-04-05 12:27:47,536 [Worker-308: Launching Readjsonfile] WARN  o.e.m.c.i.embedder.EclipseLogger - Using platform encoding (Cp1252 actually) to copy filtered resources, i.e. build is platform dependent!
2021-04-05 12:27:47,555 [Worker-308: Launching Readjsonfile] INFO  o.e.m.c.i.embedder.EclipseLogger - Copying 1 resource
2021-04-05 12:27:47,557 [Worker-308: Launching Readjsonfile] WARN  o.e.m.c.i.embedder.EclipseLogger - Using platform encoding (Cp1252 actually) to copy filtered resources, i.e. build is platform dependent!
2021-04-05 12:27:47,571 [Worker-308: Launching Readjsonfile] INFO  o.e.m.c.i.embedder.EclipseLogger - Copying 0 resource
2021-04-05 12:33:27,634 [Worker-307: Building] WARN  o.e.m.c.i.embedder.EclipseLogger - Using platform encoding (Cp1252 actually) to copy filtered resources, i.e. build is platform dependent!
2021-04-05 12:33:27,660 [Worker-307: Building] INFO  o.e.m.c.i.embedder.EclipseLogger - Copying 1 resource
2021-04-05 12:33:27,663 [Worker-307: Building] WARN  o.e.m.c.i.embedder.EclipseLogger - Using platform encoding (Cp1252 actually) to copy filtered resources, i.e. build is platform dependent!
2021-04-05 12:33:27,687 [Worker-307: Building] INFO  o.e.m.c.i.embedder.EclipseLogger - Copying 0 resource
2021-04-05 12:34:14,938 [Worker-308: Launching Readjsonfile] WARN  o.e.m.c.i.embedder.EclipseLogger - Using platform encoding (Cp1252 actually) to copy filtered resources, i.e. build is platform dependent!
2021-04-05 12:34:14,960 [Worker-308: Launching Readjsonfile] INFO  o.e.m.c.i.embedder.EclipseLogger - Copying 1 resource
2021-04-05 12:34:14,962 [Worker-308: Launching Readjsonfile] WARN  o.e.m.c.i.embedder.EclipseLogger - Using platform encoding (Cp1252 actually) to copy filtered resources, i.e. build is platform dependent!
2021-04-05 12:34:14,984 [Worker-308: Launching Readjsonfile] INFO  o.e.m.c.i.embedder.EclipseLogger - Copying 0 resource
2021-04-05 12:37:55,720 [Worker-311: Building] WARN  o.e.m.c.i.embedder.EclipseLogger - Using platform encoding (Cp1252 actually) to copy filtered resources, i.e. build is platform dependent!
2021-04-05 12:37:55,752 [Worker-311: Building] INFO  o.e.m.c.i.embedder.EclipseLogger - Copying 1 resource
2021-04-05 12:37:55,756 [Worker-311: Building] WARN  o.e.m.c.i.embedder.EclipseLogger - Using platform encoding (Cp1252 actually) to copy filtered resources, i.e. build is platform dependent!
2021-04-05 12:37:55,782 [Worker-311: Building] INFO  o.e.m.c.i.embedder.EclipseLogger - Copying 0 resource
2021-04-05 12:38:46,957 [Worker-307: Building] WARN  o.e.m.c.i.embedder.EclipseLogger - Using platform encoding (Cp1252 actually) to copy filtered resources, i.e. build is platform dependent!
2021-04-05 12:38:46,981 [Worker-307: Building] INFO  o.e.m.c.i.embedder.EclipseLogger - Copying 1 resource
2021-04-05 12:38:46,984 [Worker-307: Building] WARN  o.e.m.c.i.embedder.EclipseLogger - Using platform encoding (Cp1252 actually) to copy filtered resources, i.e. build is platform dependent!
2021-04-05 12:38:47,006 [Worker-307: Building] INFO  o.e.m.c.i.embedder.EclipseLogger - Copying 0 resource
2021-04-05 12:39:11,517 [Worker-315: Building] WARN  o.e.m.c.i.embedder.EclipseLogger - Using platform encoding (Cp1252 actually) to copy filtered resources, i.e. build is platform dependent!
2021-04-05 12:39:11,540 [Worker-315: Building] INFO  o.e.m.c.i.embedder.EclipseLogger - Copying 1 resource
2021-04-05 12:39:11,542 [Worker-315: Building] WARN  o.e.m.c.i.embedder.EclipseLogger - Using platform encoding (Cp1252 actually) to copy filtered resources, i.e. build is platform dependent!
2021-04-05 12:39:11,567 [Worker-315: Building] INFO  o.e.m.c.i.embedder.EclipseLogger - Copying 0 resource
2021-04-05 12:39:18,686 [Worker-314: Building] WARN  o.e.m.c.i.embedder.EclipseLogger - Using platform encoding (Cp1252 actually) to copy filtered resources, i.e. build is platform dependent!
2021-04-05 12:39:18,709 [Worker-314: Building] INFO  o.e.m.c.i.embedder.EclipseLogger - Copying 1 resource
2021-04-05 12:39:18,712 [Worker-314: Building] WARN  o.e.m.c.i.embedder.EclipseLogger - Using platform encoding (Cp1252 actually) to copy filtered resources, i.e. build is platform dependent!
2021-04-05 12:39:18,732 [Worker-314: Building] INFO  o.e.m.c.i.embedder.EclipseLogger - Copying 0 resource
2021-04-05 12:39:55,112 [Worker-311: Building] WARN  o.e.m.c.i.embedder.EclipseLogger - Using platform encoding (Cp1252 actually) to copy filtered resources, i.e. build is platform dependent!
2021-04-05 12:39:55,123 [Worker-311: Building] INFO  o.e.m.c.i.embedder.EclipseLogger - Copying 1 resource
2021-04-05 12:39:55,124 [Worker-311: Building] WARN  o.e.m.c.i.embedder.EclipseLogger - Using platform encoding (Cp1252 actually) to copy filtered resources, i.e. build is platform dependent!
2021-04-05 12:39:55,135 [Worker-311: Building] INFO  o.e.m.c.i.embedder.EclipseLogger - Copying 0 resource
2021-04-05 12:40:24,210 [Worker-307: Building] WARN  o.e.m.c.i.embedder.EclipseLogger - Using platform encoding (Cp1252 actually) to copy filtered resources, i.e. build is platform dependent!
2021-04-05 12:40:24,233 [Worker-307: Building] INFO  o.e.m.c.i.embedder.EclipseLogger - Copying 1 resource
2021-04-05 12:40:24,236 [Worker-307: Building] WARN  o.e.m.c.i.embedder.EclipseLogger - Using platform encoding (Cp1252 actually) to copy filtered resources, i.e. build is platform dependent!
2021-04-05 12:40:24,258 [Worker-307: Building] INFO  o.e.m.c.i.embedder.EclipseLogger - Copying 0 resource
2021-04-05 12:40:36,396 [Worker-317: Building] WARN  o.e.m.c.i.embedder.EclipseLogger - Using platform encoding (Cp1252 actually) to copy filtered resources, i.e. build is platform dependent!
2021-04-05 12:40:36,420 [Worker-317: Building] INFO  o.e.m.c.i.embedder.EclipseLogger - Copying 1 resource
2021-04-05 12:40:36,422 [Worker-317: Building] WARN  o.e.m.c.i.embedder.EclipseLogger - Using platform encoding (Cp1252 actually) to copy filtered resources, i.e. build is platform dependent!
2021-04-05 12:40:36,445 [Worker-317: Building] INFO  o.e.m.c.i.embedder.EclipseLogger - Copying 0 resource
